#
# There is insufficient memory for the Java Runtime Environment to continue.
# Native memory allocation (mmap) failed to map 260046848 bytes. Error detail: G1 virtual space
# Possible reasons:
#   The system is out of physical RAM or swap space
#   This process is running with CompressedOops enabled, and the Java Heap may be blocking the growth of the native heap
# Possible solutions:
#   Reduce memory load on the system
#   Increase physical memory or swap space
#   Check if swap backing store is full
#   Decrease Java heap size (-Xmx/-Xms)
#   Decrease number of Java threads
#   Decrease Java thread stack sizes (-Xss)
#   Set larger code cache with -XX:ReservedCodeCacheSize=
#   JVM is running with Zero Based Compressed Oops mode in which the Java heap is
#     placed in the first 32GB address space. The Java Heap base address is the
#     maximum limit for the native heap growth. Please use -XX:HeapBaseMinAddress
#     to set the Java Heap base and to place the Java Heap above 32GB virtual address.
# This output file may be truncated or incomplete.
#
#  Out of Memory Error (os_windows.cpp:3828), pid=15796, tid=22340
#
# JRE version:  (21.0.4) (build )
# Java VM: OpenJDK 64-Bit Server VM (21.0.4+-12508038-b607.1, mixed mode, sharing, tiered, compressed oops, compressed class ptrs, g1 gc, windows-amd64)
# No core dump will be written. Minidumps are not enabled by default on client versions of Windows
#

---------------  S U M M A R Y ------------

Command Line: net.bytebuddy.agent.Attacher com.sun.tools.attach.VirtualMachine 1720 C:\Users\user\.gradle\caches\modules-2\files-2.1\net.bytebuddy\byte-buddy-agent\1.12.18\417a7310a7bf1c1aae5ca502d26515f9c2f94396\byte-buddy-agent-1.12.18.jar false 

Host: AMD Ryzen 7 5800H with Radeon Graphics         , 16 cores, 15G,  Windows 11 , 64 bit Build 22621 (10.0.22621.4391)
Time: Tue Jan 21 18:48:37 2025 RTZ 4 (s 11 , 64 bit Build 22621 (10.0.22621.4391) elapsed time: 0.006601 seconds (0d 0h 0m 0s)

---------------  T H R E A D  ---------------

Current thread (0x000001c0b43f2470):  JavaThread "Unknown thread" [_thread_in_vm, id=22340, stack(0x0000005532000000,0x0000005532100000) (1024K)]

Stack: [0x0000005532000000,0x0000005532100000]
Native frames: (J=compiled Java code, j=interpreted, Vv=VM code, C=native code)
V  [jvm.dll+0x6ce539]
V  [jvm.dll+0x85bf03]
V  [jvm.dll+0x85e45e]
V  [jvm.dll+0x85eb43]
V  [jvm.dll+0x27dd06]
V  [jvm.dll+0x6cada5]
V  [jvm.dll+0x6bf27a]
V  [jvm.dll+0x3541fb]
V  [jvm.dll+0x35be36]
V  [jvm.dll+0x3adbc6]
V  [jvm.dll+0x3ade98]
V  [jvm.dll+0x32691c]
V  [jvm.dll+0x32760b]
V  [jvm.dll+0x823959]
V  [jvm.dll+0x3bacf8]
V  [jvm.dll+0x80cd58]
V  [jvm.dll+0x44ef2e]
V  [jvm.dll+0x450691]
C  [jli.dll+0x52ab]
C  [ucrtbase.dll+0x29333]
C  [KERNEL32.DLL+0x1259d]
C  [ntdll.dll+0x5af38]


---------------  P R O C E S S  ---------------

Threads class SMR info:
_java_thread_list=0x00007ff86e27a808, length=0, elements={
}

Java Threads: ( => current thread )
Total: 0

Other Threads:
  0x000001c0b43cbe20 WorkerThread "GC Thread#0"                     [id=13748, stack(0x0000005532100000,0x0000005532200000) (1024K)]
  0x000001c0b662e0b0 ConcurrentGCThread "G1 Main Marker"            [id=11640, stack(0x0000005532200000,0x0000005532300000) (1024K)]
  0x000001c0b43cc1c0 WorkerThread "G1 Conc#0"                       [id=19816, stack(0x0000005532300000,0x0000005532400000) (1024K)]

[error occurred during error reporting (printing all threads), id 0xc0000005, EXCEPTION_ACCESS_VIOLATION (0xc0000005) at pc=0x00007ff86da79957]
VM state: not at safepoint (not fully initialized)

VM Mutex/Monitor currently owned by a thread:  ([mutex/lock_event])
[0x00007ff86e2e73f8] Heap_lock - owner thread: 0x000001c0b43f2470

Heap address: 0x0000000709800000, size: 3944 MB, Compressed Oops mode: Zero based, Oop shift amount: 3

CDS archive(s) mapped at: [0x0000000000000000-0x0000000000000000-0x0000000000000000), size 0, SharedBaseAddress: 0x0000000800000000, ArchiveRelocationMode: 1.
Narrow klass base: 0x0000000000000000, Narrow klass shift: 0, Narrow klass range: 0x0

GC Precious Log:
 CardTable entry size: 512
 Card Set container configuration: InlinePtr #cards 4 size 8 Array Of Cards #cards 16 size 48 Howl #buckets 8 coarsen threshold 3686 Howl Bitmap #cards 512 size 80 coarsen threshold 460 Card regions per heap region 1 cards per card region 4096

Heap:
 garbage-first heap   total 0K, used 0K [0x0000000709800000, 0x0000000800000000)
  region size 2048K, 0 young (0K), 0 survivors (0K)
 Metaspace       used 0K, committed 0K, reserved 0K
  class space    used 0K, committed 0K, reserved 0K

Heap Regions: E=young(eden), S=young(survivor), O=old, HS=humongous(starts), HC=humongous(continues), CS=collection set, F=free, TAMS=top-at-mark-start, PB=parsable bottom

Card table byte_map: [0x000001c0c9740000,0x000001c0c9f00000] _byte_map_base: 0x000001c0c5ef4000

Marking Bits: (CMBitMap*) 0x000001c0b661dfe0
 Bits: [0x000001c0c9f00000, 0x000001c0cdca0000)

GC Heap History (0 events):
No events

Dll operation events (1 events):
Event: 0.004 Loaded shared library D:\programs\AndroidStudio\jbr\bin\java.dll

Deoptimization events (0 events):
No events

Classes loaded (0 events):
No events

Classes unloaded (0 events):
No events

Classes redefined (0 events):
No events

Internal exceptions (0 events):
No events

ZGC Phase Switch (0 events):
No events

VM Operations (0 events):
No events

Memory protections (0 events):
No events

Nmethod flushes (0 events):
No events

Events (0 events):
No events


Dynamic libraries:
0x00007ff6bd830000 - 0x00007ff6bd83a000 	D:\programs\AndroidStudio\jbr\bin\java.exe
0x00007ff939d70000 - 0x00007ff939f87000 	C:\Windows\SYSTEM32\ntdll.dll
0x00007ff939300000 - 0x00007ff9393c4000 	C:\Windows\System32\KERNEL32.DLL
0x00007ff937280000 - 0x00007ff93763a000 	C:\Windows\System32\KERNELBASE.dll
0x00007ff937040000 - 0x00007ff937151000 	C:\Windows\System32\ucrtbase.dll
0x00007ff934710000 - 0x00007ff934728000 	D:\programs\AndroidStudio\jbr\bin\jli.dll
0x00007ff930cd0000 - 0x00007ff930ceb000 	D:\programs\AndroidStudio\jbr\bin\VCRUNTIME140.dll
0x00007ff939540000 - 0x00007ff9396ee000 	C:\Windows\System32\USER32.dll
0x00007ff925280000 - 0x00007ff925512000 	C:\Windows\WinSxS\amd64_microsoft.windows.common-controls_6595b64144ccf1df_6.0.22621.4541_none_2710d1c57384c085\COMCTL32.dll
0x00007ff9378d0000 - 0x00007ff9378f6000 	C:\Windows\System32\win32u.dll
0x00007ff938ac0000 - 0x00007ff938b67000 	C:\Windows\System32\msvcrt.dll
0x00007ff939a70000 - 0x00007ff939a99000 	C:\Windows\System32\GDI32.dll
0x00007ff9377b0000 - 0x00007ff9378cb000 	C:\Windows\System32\gdi32full.dll
0x00007ff937160000 - 0x00007ff9371fa000 	C:\Windows\System32\msvcp_win.dll
0x00007ff938360000 - 0x00007ff938391000 	C:\Windows\System32\IMM32.DLL
0x00007ff932520000 - 0x00007ff93252c000 	D:\programs\AndroidStudio\jbr\bin\vcruntime140_1.dll
0x00007ff928730000 - 0x00007ff9287bd000 	D:\programs\AndroidStudio\jbr\bin\msvcp140.dll
0x00007ff86d740000 - 0x00007ff86e3c3000 	D:\programs\AndroidStudio\jbr\bin\server\jvm.dll
0x00007ff938580000 - 0x00007ff938632000 	C:\Windows\System32\ADVAPI32.dll
0x00007ff9383a0000 - 0x00007ff938447000 	C:\Windows\System32\sechost.dll
0x00007ff9379c0000 - 0x00007ff9379e8000 	C:\Windows\System32\bcrypt.dll
0x00007ff939aa0000 - 0x00007ff939bb4000 	C:\Windows\System32\RPCRT4.dll
0x00007ff9384f0000 - 0x00007ff938561000 	C:\Windows\System32\WS2_32.dll
0x00007ff936f10000 - 0x00007ff936f5d000 	C:\Windows\SYSTEM32\POWRPROF.dll
0x00007ff931270000 - 0x00007ff9312a4000 	C:\Windows\SYSTEM32\WINMM.dll
0x00007ff930f70000 - 0x00007ff930f7a000 	C:\Windows\SYSTEM32\VERSION.dll
0x00007ff936ef0000 - 0x00007ff936f03000 	C:\Windows\SYSTEM32\UMPDC.dll
0x00007ff936080000 - 0x00007ff936098000 	C:\Windows\SYSTEM32\kernel.appcore.dll
0x00007ff930cc0000 - 0x00007ff930cca000 	D:\programs\AndroidStudio\jbr\bin\jimage.dll
0x00007ff934310000 - 0x00007ff934542000 	C:\Windows\SYSTEM32\DBGHELP.DLL
0x00007ff938b70000 - 0x00007ff938eff000 	C:\Windows\System32\combase.dll
0x00007ff939460000 - 0x00007ff939537000 	C:\Windows\System32\OLEAUT32.dll
0x00007ff92ce10000 - 0x00007ff92ce42000 	C:\Windows\SYSTEM32\dbgcore.DLL
0x00007ff9379f0000 - 0x00007ff937a6b000 	C:\Windows\System32\bcryptPrimitives.dll
0x00007ff930ca0000 - 0x00007ff930cc0000 	D:\programs\AndroidStudio\jbr\bin\java.dll

dbghelp: loaded successfully - version: 4.0.5 - missing functions: none
symbol engine: initialized successfully - sym options: 0x614 - pdb path: .;D:\programs\AndroidStudio\jbr\bin;C:\Windows\SYSTEM32;C:\Windows\WinSxS\amd64_microsoft.windows.common-controls_6595b64144ccf1df_6.0.22621.4541_none_2710d1c57384c085;D:\programs\AndroidStudio\jbr\bin\server

VM Arguments:
java_command: net.bytebuddy.agent.Attacher com.sun.tools.attach.VirtualMachine 1720 C:\Users\user\.gradle\caches\modules-2\files-2.1\net.bytebuddy\byte-buddy-agent\1.12.18\417a7310a7bf1c1aae5ca502d26515f9c2f94396\byte-buddy-agent-1.12.18.jar false 
java_class_path (initial): C:\Users\user\.gradle\caches\modules-2\files-2.1\net.bytebuddy\byte-buddy-agent\1.12.18\417a7310a7bf1c1aae5ca502d26515f9c2f94396\byte-buddy-agent-1.12.18.jar
Launcher Type: SUN_STANDARD

[Global flags]
     intx CICompilerCount                          = 12                                        {product} {ergonomic}
     uint ConcGCThreads                            = 3                                         {product} {ergonomic}
     uint G1ConcRefinementThreads                  = 13                                        {product} {ergonomic}
   size_t G1HeapRegionSize                         = 2097152                                   {product} {ergonomic}
    uintx GCDrainStackTargetSize                   = 64                                        {product} {ergonomic}
   size_t InitialHeapSize                          = 260046848                                 {product} {ergonomic}
   size_t MarkStackSize                            = 4194304                                   {product} {ergonomic}
   size_t MaxHeapSize                              = 4135583744                                {product} {ergonomic}
   size_t MinHeapDeltaBytes                        = 2097152                                   {product} {ergonomic}
   size_t MinHeapSize                              = 8388608                                   {product} {ergonomic}
    uintx NonNMethodCodeHeapSize                   = 7602480                                {pd product} {ergonomic}
    uintx NonProfiledCodeHeapSize                  = 122027880                              {pd product} {ergonomic}
    uintx ProfiledCodeHeapSize                     = 122027880                              {pd product} {ergonomic}
    uintx ReservedCodeCacheSize                    = 251658240                              {pd product} {ergonomic}
     bool SegmentedCodeCache                       = true                                      {product} {ergonomic}
   size_t SoftMaxHeapSize                          = 4135583744                             {manageable} {ergonomic}
     bool UseCompressedOops                        = true                           {product lp64_product} {ergonomic}
     bool UseG1GC                                  = true                                      {product} {ergonomic}
     bool UseLargePagesIndividualAllocation        = false                                  {pd product} {ergonomic}

Logging:
Log output configuration:
 #0: stdout all=warning uptime,level,tags foldmultilines=false
 #1: stderr all=off uptime,level,tags foldmultilines=false

Environment Variables:
PATH=C:\Program Files\Common Files\Oracle\Java\javapath;C:\Windows\system32;C:\Windows;C:\Windows\System32\Wbem;C:\Windows\System32\WindowsPowerShell\v1.0\;C:\Windows\System32\OpenSSH\;C:\Program Files\NVIDIA Corporation\NVIDIA app\NvDLISR;C:\Program Files (x86)\NVIDIA Corporation\PhysX\Common;C:\Program Files\Git\cmd;C:\Program Files\nodejs\;C:\Users\user\AppData\Local\Programs\Python\Launcher\;C:\Users\user\AppData\Local\Microsoft\WindowsApps;C:\Users\user\AppData\Local\Programs\Microsoft VS Code\bin;C:\Users\user\AppData\Roaming\npm
USERNAME=user
OS=Windows_NT
PROCESSOR_IDENTIFIER=AMD64 Family 25 Model 80 Stepping 0, AuthenticAMD
TMP=C:\Users\user\AppData\Local\Temp
TEMP=C:\Users\user\AppData\Local\Temp




Periodic native trim disabled

JNI global refs:
JNI global refs: 0, weak refs: 0

JNI global refs memory usage: 0, weak refs: 0

Process memory usage:
Resident Set Size: 11784K (0% of 16151716K total physical memory with 417992K free physical memory)

OOME stack traces (most recent first):
Classloader memory used:

---------------  S Y S T E M  ---------------

OS:
 Windows 11 , 64 bit Build 22621 (10.0.22621.4391)
OS uptime: 0 days 18:04 hours

CPU: total 16 (initial active 16) (16 cores per cpu, 2 threads per core) family 25 model 80 stepping 0 microcode 0x0, cx8, cmov, fxsr, ht, mmx, 3dnowpref, sse, sse2, sse3, ssse3, sse4a, sse4.1, sse4.2, popcnt, lzcnt, tsc, tscinvbit, avx, avx2, aes, erms, clmul, bmi1, bmi2, adx, sha, fma, vzeroupper, clflush, clflushopt, rdtscp, rdpid, fsrm, f16c, pku, cet_ss
Processor Information for all 16 processors :
  Max Mhz: 3201, Current Mhz: 3201, Mhz Limit: 3201

Memory: 4k page, system-wide physical 15773M (408M free)
TotalPageFile size 23550M (AvailPageFile size 218M)
current process WorkingSet (physical memory assigned to process): 11M, peak: 11M
current process commit charge ("private bytes"): 70M, peak: 318M

vm_info: OpenJDK 64-Bit Server VM (21.0.4+-12508038-b607.1) for windows-amd64 JRE (21.0.4+-12508038-b607.1), built on 2024-10-16T17:23:34Z by "builder" with MS VC++ 16.10 / 16.11 (VS2019)

END.
